<?xml version="1.0" encoding="UTF-8"?>
<testsuite xmlns:xsi="http://www.w3.org/2001/XMLSchema-instance" xsi:noNamespaceSchemaLocation="https://maven.apache.org/surefire/maven-surefire-plugin/xsd/surefire-test-report.xsd" name="br.com.loja.test.MemberRegistrationTest" time="10.975" tests="1" errors="0" skipped="0" failures="0">
  <properties>
    <property name="java.specification.version" value="14"/>
    <property name="sun.cpu.isalist" value="amd64"/>
    <property name="sun.jnu.encoding" value="Cp1252"/>
    <property name="java.class.path" value="D:\repositorios\loja\target\test-classes;D:\repositorios\loja\target\classes;C:\Users\Daniel\.m2\repository\javax\javaee-api\8.0.1\javaee-api-8.0.1.jar;C:\Users\Daniel\.m2\repository\com\sun\mail\javax.mail\1.6.2\javax.mail-1.6.2.jar;C:\Users\Daniel\.m2\repository\javax\activation\activation\1.1\activation-1.1.jar;C:\Users\Daniel\.m2\repository\org\primefaces\primefaces\8.0\primefaces-8.0.jar;C:\Users\Daniel\.m2\repository\junit\junit\4.13\junit-4.13.jar;C:\Users\Daniel\.m2\repository\org\hamcrest\hamcrest-core\1.3\hamcrest-core-1.3.jar;C:\Users\Daniel\.m2\repository\org\jboss\arquillian\junit\arquillian-junit-container\1.6.0.Final\arquillian-junit-container-1.6.0.Final.jar;C:\Users\Daniel\.m2\repository\org\jboss\arquillian\junit\arquillian-junit-core\1.6.0.Final\arquillian-junit-core-1.6.0.Final.jar;C:\Users\Daniel\.m2\repository\org\jboss\arquillian\test\arquillian-test-api\1.6.0.Final\arquillian-test-api-1.6.0.Final.jar;C:\Users\Daniel\.m2\repository\org\jboss\arquillian\test\arquillian-test-spi\1.6.0.Final\arquillian-test-spi-1.6.0.Final.jar;C:\Users\Daniel\.m2\repository\org\jboss\arquillian\core\arquillian-core-spi\1.6.0.Final\arquillian-core-spi-1.6.0.Final.jar;C:\Users\Daniel\.m2\repository\org\jboss\arquillian\container\arquillian-container-test-api\1.6.0.Final\arquillian-container-test-api-1.6.0.Final.jar;C:\Users\Daniel\.m2\repository\org\jboss\shrinkwrap\shrinkwrap-api\1.2.6\shrinkwrap-api-1.2.6.jar;C:\Users\Daniel\.m2\repository\org\jboss\shrinkwrap\descriptors\shrinkwrap-descriptors-api-base\2.0.0\shrinkwrap-descriptors-api-base-2.0.0.jar;C:\Users\Daniel\.m2\repository\org\jboss\arquillian\container\arquillian-container-test-spi\1.6.0.Final\arquillian-container-test-spi-1.6.0.Final.jar;C:\Users\Daniel\.m2\repository\org\jboss\arquillian\container\arquillian-container-spi\1.6.0.Final\arquillian-container-spi-1.6.0.Final.jar;C:\Users\Daniel\.m2\repository\org\jboss\arquillian\core\arquillian-core-impl-base\1.6.0.Final\arquillian-core-impl-base-1.6.0.Final.jar;C:\Users\Daniel\.m2\repository\org\jboss\arquillian\test\arquillian-test-impl-base\1.6.0.Final\arquillian-test-impl-base-1.6.0.Final.jar;C:\Users\Daniel\.m2\repository\org\jboss\arquillian\container\arquillian-container-impl-base\1.6.0.Final\arquillian-container-impl-base-1.6.0.Final.jar;C:\Users\Daniel\.m2\repository\org\jboss\arquillian\config\arquillian-config-api\1.6.0.Final\arquillian-config-api-1.6.0.Final.jar;C:\Users\Daniel\.m2\repository\org\jboss\arquillian\config\arquillian-config-impl-base\1.6.0.Final\arquillian-config-impl-base-1.6.0.Final.jar;C:\Users\Daniel\.m2\repository\org\jboss\arquillian\config\arquillian-config-spi\1.6.0.Final\arquillian-config-spi-1.6.0.Final.jar;C:\Users\Daniel\.m2\repository\org\jboss\shrinkwrap\descriptors\shrinkwrap-descriptors-spi\2.0.0\shrinkwrap-descriptors-spi-2.0.0.jar;C:\Users\Daniel\.m2\repository\org\jboss\arquillian\container\arquillian-container-test-impl-base\1.6.0.Final\arquillian-container-test-impl-base-1.6.0.Final.jar;C:\Users\Daniel\.m2\repository\org\jboss\shrinkwrap\shrinkwrap-impl-base\1.2.6\shrinkwrap-impl-base-1.2.6.jar;C:\Users\Daniel\.m2\repository\org\jboss\shrinkwrap\shrinkwrap-spi\1.2.6\shrinkwrap-spi-1.2.6.jar;C:\Users\Daniel\.m2\repository\org\wildfly\arquillian\wildfly-arquillian-container-managed\2.1.1.Final\wildfly-arquillian-container-managed-2.1.1.Final.jar;C:\Users\Daniel\.m2\repository\org\wildfly\arquillian\wildfly-arquillian-common\2.1.1.Final\wildfly-arquillian-common-2.1.1.Final.jar;C:\Users\Daniel\.m2\repository\org\jboss\arquillian\testenricher\arquillian-testenricher-cdi\1.6.0.Final\arquillian-testenricher-cdi-1.6.0.Final.jar;C:\Users\Daniel\.m2\repository\org\jboss\arquillian\testenricher\arquillian-testenricher-ejb\1.6.0.Final\arquillian-testenricher-ejb-1.6.0.Final.jar;C:\Users\Daniel\.m2\repository\org\jboss\arquillian\testenricher\arquillian-testenricher-initialcontext\1.6.0.Final\arquillian-testenricher-initialcontext-1.6.0.Final.jar;C:\Users\Daniel\.m2\repository\org\jboss\arquillian\testenricher\arquillian-testenricher-resource\1.6.0.Final\arquillian-testenricher-resource-1.6.0.Final.jar;C:\Users\Daniel\.m2\repository\org\jboss\arquillian\protocol\arquillian-protocol-servlet\1.6.0.Final\arquillian-protocol-servlet-1.6.0.Final.jar;C:\Users\Daniel\.m2\repository\org\wildfly\arquillian\wildfly-arquillian-testenricher-msc\2.1.1.Final\wildfly-arquillian-testenricher-msc-2.1.1.Final.jar;C:\Users\Daniel\.m2\repository\org\wildfly\core\wildfly-server\3.0.0.Final\wildfly-server-3.0.0.Final.jar;C:\Users\Daniel\.m2\repository\org\wildfly\core\wildfly-controller\3.0.0.Final\wildfly-controller-3.0.0.Final.jar;C:\Users\Daniel\.m2\repository\org\jboss\staxmapper\1.3.0.Final\staxmapper-1.3.0.Final.jar;C:\Users\Daniel\.m2\repository\org\projectodd\vdx\vdx-wildfly\1.1.6\vdx-wildfly-1.1.6.jar;C:\Users\Daniel\.m2\repository\org\projectodd\vdx\vdx-core\1.1.6\vdx-core-1.1.6.jar;C:\Users\Daniel\.m2\repository\org\wildfly\core\wildfly-core-management-client\3.0.0.Final\wildfly-core-management-client-3.0.0.Final.jar;C:\Users\Daniel\.m2\repository\org\wildfly\core\wildfly-domain-http-interface\3.0.0.Final\wildfly-domain-http-interface-3.0.0.Final.jar;C:\Users\Daniel\.m2\repository\org\wildfly\security\elytron-web\undertow-server\1.0.0.Final\undertow-server-1.0.0.Final.jar;C:\Users\Daniel\.m2\repository\org\wildfly\core\wildfly-deployment-repository\3.0.0.Final\wildfly-deployment-repository-3.0.0.Final.jar;C:\Users\Daniel\.m2\repository\org\wildfly\core\wildfly-platform-mbean\3.0.0.Final\wildfly-platform-mbean-3.0.0.Final.jar;C:\Users\Daniel\.m2\repository\org\wildfly\core\wildfly-process-controller\3.0.0.Final\wildfly-process-controller-3.0.0.Final.jar;C:\Users\Daniel\.m2\repository\org\wildfly\core\wildfly-network\3.0.0.Final\wildfly-network-3.0.0.Final.jar;C:\Users\Daniel\.m2\repository\org\wildfly\core\wildfly-version\3.0.0.Final\wildfly-version-3.0.0.Final.jar;C:\Users\Daniel\.m2\repository\org\jboss\jandex\2.0.3.Final\jandex-2.0.3.Final.jar;C:\Users\Daniel\.m2\repository\org\jboss\invocation\jboss-invocation\1.5.0.Final\jboss-invocation-1.5.0.Final.jar;C:\Users\Daniel\.m2\repository\org\jboss\logmanager\jboss-logmanager\2.0.7.Final\jboss-logmanager-2.0.7.Final.jar;C:\Users\Daniel\.m2\repository\org\jboss\modules\jboss-modules\1.6.0.Final\jboss-modules-1.6.0.Final.jar;C:\Users\Daniel\.m2\repository\org\jboss\stdio\jboss-stdio\1.0.2.GA\jboss-stdio-1.0.2.GA.jar;C:\Users\Daniel\.m2\repository\org\jboss\jboss-vfs\3.2.12.Final\jboss-vfs-3.2.12.Final.jar;C:\Users\Daniel\.m2\repository\io\undertow\undertow-core\1.4.18.Final\undertow-core-1.4.18.Final.jar;C:\Users\Daniel\.m2\repository\org\wildfly\core\wildfly-controller-client\3.0.0.Final\wildfly-controller-client-3.0.0.Final.jar;C:\Users\Daniel\.m2\repository\org\wildfly\core\wildfly-protocol\3.0.0.Final\wildfly-protocol-3.0.0.Final.jar;C:\Users\Daniel\.m2\repository\org\jboss\jboss-dmr\1.4.1.Final\jboss-dmr-1.4.1.Final.jar;C:\Users\Daniel\.m2\repository\org\jboss\threads\jboss-threads\2.2.1.Final\jboss-threads-2.2.1.Final.jar;C:\Users\Daniel\.m2\repository\org\wildfly\plugins\wildfly-plugin-core\1.2.0.Final\wildfly-plugin-core-1.2.0.Final.jar;C:\Users\Daniel\.m2\repository\org\jboss\shrinkwrap\descriptors\shrinkwrap-descriptors-impl-base\2.0.0\shrinkwrap-descriptors-impl-base-2.0.0.jar;C:\Users\Daniel\.m2\repository\org\wildfly\common\wildfly-common\1.2.0.Final\wildfly-common-1.2.0.Final.jar;C:\Users\Daniel\.m2\repository\org\wildfly\arquillian\wildfly-arquillian-protocol-jmx\2.1.1.Final\wildfly-arquillian-protocol-jmx-2.1.1.Final.jar;C:\Users\Daniel\.m2\repository\org\wildfly\security\wildfly-elytron\1.1.0.Final\wildfly-elytron-1.1.0.Final.jar;C:\Users\Daniel\.m2\repository\org\jboss\arquillian\protocol\arquillian-protocol-jmx\1.6.0.Final\arquillian-protocol-jmx-1.6.0.Final.jar;C:\Users\Daniel\.m2\repository\org\wildfly\core\wildfly-jmx\3.0.0.Final\wildfly-jmx-3.0.0.Final.jar;C:\Users\Daniel\.m2\repository\org\jboss\msc\jboss-msc\1.2.7.SP1\jboss-msc-1.2.7.SP1.jar;C:\Users\Daniel\.m2\repository\org\wildfly\core\wildfly-remoting\3.0.0.Final\wildfly-remoting-3.0.0.Final.jar;C:\Users\Daniel\.m2\repository\org\wildfly\core\wildfly-domain-management\3.0.0.Final\wildfly-domain-management-3.0.0.Final.jar;C:\Users\Daniel\.m2\repository\org\picketbox\picketbox\5.0.2.Final\picketbox-5.0.2.Final.jar;C:\Users\Daniel\.m2\repository\org\wildfly\openssl\wildfly-openssl-java\1.0.2.Final\wildfly-openssl-java-1.0.2.Final.jar;C:\Users\Daniel\.m2\repository\org\wildfly\core\wildfly-core-security\3.0.0.Final\wildfly-core-security-3.0.0.Final.jar;C:\Users\Daniel\.m2\repository\org\wildfly\core\wildfly-core-security-api\3.0.0.Final\wildfly-core-security-api-3.0.0.Final.jar;C:\Users\Daniel\.m2\repository\org\wildfly\core\wildfly-io\3.0.0.Final\wildfly-io-3.0.0.Final.jar;C:\Users\Daniel\.m2\repository\org\jboss\xnio\xnio-api\3.5.1.Final\xnio-api-3.5.1.Final.jar;C:\Users\Daniel\.m2\repository\org\wildfly\client\wildfly-client-config\1.0.0.Final\wildfly-client-config-1.0.0.Final.jar;C:\Users\Daniel\.m2\repository\org\jboss\xnio\xnio-nio\3.5.1.Final\xnio-nio-3.5.1.Final.jar;C:\Users\Daniel\.m2\repository\org\jboss\logging\jboss-logging\3.3.1.Final\jboss-logging-3.3.1.Final.jar;C:\Users\Daniel\.m2\repository\org\jboss\marshalling\jboss-marshalling\2.0.0.Final\jboss-marshalling-2.0.0.Final.jar;C:\Users\Daniel\.m2\repository\org\jboss\marshalling\jboss-marshalling-river\2.0.0.Final\jboss-marshalling-river-2.0.0.Final.jar;C:\Users\Daniel\.m2\repository\org\jboss\remoting\jboss-remoting\5.0.0.Final\jboss-remoting-5.0.0.Final.jar;C:\Users\Daniel\.m2\repository\org\jboss\remotingjmx\remoting-jmx\3.0.0.Final\remoting-jmx-3.0.0.Final.jar;C:\Users\Daniel\.m2\repository\javax\inject\javax.inject\1\javax.inject-1.jar;C:\Users\Daniel\.m2\repository\org\wildfly\core\wildfly-launcher\3.0.0.Final\wildfly-launcher-3.0.0.Final.jar;C:\Users\Daniel\.m2\repository\org\jboss\arquillian\core\arquillian-core-api\1.6.0.Final\arquillian-core-api-1.6.0.Final.jar;"/>
    <property name="java.vm.vendor" value="Oracle Corporation"/>
    <property name="sun.arch.data.model" value="64"/>
    <property name="user.variant" value=""/>
    <property name="java.vendor.url" value="https://java.oracle.com/"/>
    <property name="user.timezone" value="America/Sao_Paulo"/>
    <property name="os.name" value="Windows 10"/>
    <property name="java.vm.specification.version" value="14"/>
    <property name="sun.java.launcher" value="SUN_STANDARD"/>
    <property name="user.country" value="BR"/>
    <property name="sun.boot.library.path" value="D:\dev\java\openjdk\jdk-14.0.1\bin"/>
    <property name="sun.java.command" value="C:\Users\Daniel\AppData\Local\Temp\surefire9849931399672475901\surefirebooter9306004854180994486.jar C:\Users\Daniel\AppData\Local\Temp\surefire9849931399672475901 2020-04-27T22-30-09_097-jvmRun1 surefire6265638652691880219tmp surefire_017280331907451070266tmp"/>
    <property name="jdk.debug" value="release"/>
    <property name="surefire.test.class.path" value="D:\repositorios\loja\target\test-classes;D:\repositorios\loja\target\classes;C:\Users\Daniel\.m2\repository\javax\javaee-api\8.0.1\javaee-api-8.0.1.jar;C:\Users\Daniel\.m2\repository\com\sun\mail\javax.mail\1.6.2\javax.mail-1.6.2.jar;C:\Users\Daniel\.m2\repository\javax\activation\activation\1.1\activation-1.1.jar;C:\Users\Daniel\.m2\repository\org\primefaces\primefaces\8.0\primefaces-8.0.jar;C:\Users\Daniel\.m2\repository\junit\junit\4.13\junit-4.13.jar;C:\Users\Daniel\.m2\repository\org\hamcrest\hamcrest-core\1.3\hamcrest-core-1.3.jar;C:\Users\Daniel\.m2\repository\org\jboss\arquillian\junit\arquillian-junit-container\1.6.0.Final\arquillian-junit-container-1.6.0.Final.jar;C:\Users\Daniel\.m2\repository\org\jboss\arquillian\junit\arquillian-junit-core\1.6.0.Final\arquillian-junit-core-1.6.0.Final.jar;C:\Users\Daniel\.m2\repository\org\jboss\arquillian\test\arquillian-test-api\1.6.0.Final\arquillian-test-api-1.6.0.Final.jar;C:\Users\Daniel\.m2\repository\org\jboss\arquillian\test\arquillian-test-spi\1.6.0.Final\arquillian-test-spi-1.6.0.Final.jar;C:\Users\Daniel\.m2\repository\org\jboss\arquillian\core\arquillian-core-spi\1.6.0.Final\arquillian-core-spi-1.6.0.Final.jar;C:\Users\Daniel\.m2\repository\org\jboss\arquillian\container\arquillian-container-test-api\1.6.0.Final\arquillian-container-test-api-1.6.0.Final.jar;C:\Users\Daniel\.m2\repository\org\jboss\shrinkwrap\shrinkwrap-api\1.2.6\shrinkwrap-api-1.2.6.jar;C:\Users\Daniel\.m2\repository\org\jboss\shrinkwrap\descriptors\shrinkwrap-descriptors-api-base\2.0.0\shrinkwrap-descriptors-api-base-2.0.0.jar;C:\Users\Daniel\.m2\repository\org\jboss\arquillian\container\arquillian-container-test-spi\1.6.0.Final\arquillian-container-test-spi-1.6.0.Final.jar;C:\Users\Daniel\.m2\repository\org\jboss\arquillian\container\arquillian-container-spi\1.6.0.Final\arquillian-container-spi-1.6.0.Final.jar;C:\Users\Daniel\.m2\repository\org\jboss\arquillian\core\arquillian-core-impl-base\1.6.0.Final\arquillian-core-impl-base-1.6.0.Final.jar;C:\Users\Daniel\.m2\repository\org\jboss\arquillian\test\arquillian-test-impl-base\1.6.0.Final\arquillian-test-impl-base-1.6.0.Final.jar;C:\Users\Daniel\.m2\repository\org\jboss\arquillian\container\arquillian-container-impl-base\1.6.0.Final\arquillian-container-impl-base-1.6.0.Final.jar;C:\Users\Daniel\.m2\repository\org\jboss\arquillian\config\arquillian-config-api\1.6.0.Final\arquillian-config-api-1.6.0.Final.jar;C:\Users\Daniel\.m2\repository\org\jboss\arquillian\config\arquillian-config-impl-base\1.6.0.Final\arquillian-config-impl-base-1.6.0.Final.jar;C:\Users\Daniel\.m2\repository\org\jboss\arquillian\config\arquillian-config-spi\1.6.0.Final\arquillian-config-spi-1.6.0.Final.jar;C:\Users\Daniel\.m2\repository\org\jboss\shrinkwrap\descriptors\shrinkwrap-descriptors-spi\2.0.0\shrinkwrap-descriptors-spi-2.0.0.jar;C:\Users\Daniel\.m2\repository\org\jboss\arquillian\container\arquillian-container-test-impl-base\1.6.0.Final\arquillian-container-test-impl-base-1.6.0.Final.jar;C:\Users\Daniel\.m2\repository\org\jboss\shrinkwrap\shrinkwrap-impl-base\1.2.6\shrinkwrap-impl-base-1.2.6.jar;C:\Users\Daniel\.m2\repository\org\jboss\shrinkwrap\shrinkwrap-spi\1.2.6\shrinkwrap-spi-1.2.6.jar;C:\Users\Daniel\.m2\repository\org\wildfly\arquillian\wildfly-arquillian-container-managed\2.1.1.Final\wildfly-arquillian-container-managed-2.1.1.Final.jar;C:\Users\Daniel\.m2\repository\org\wildfly\arquillian\wildfly-arquillian-common\2.1.1.Final\wildfly-arquillian-common-2.1.1.Final.jar;C:\Users\Daniel\.m2\repository\org\jboss\arquillian\testenricher\arquillian-testenricher-cdi\1.6.0.Final\arquillian-testenricher-cdi-1.6.0.Final.jar;C:\Users\Daniel\.m2\repository\org\jboss\arquillian\testenricher\arquillian-testenricher-ejb\1.6.0.Final\arquillian-testenricher-ejb-1.6.0.Final.jar;C:\Users\Daniel\.m2\repository\org\jboss\arquillian\testenricher\arquillian-testenricher-initialcontext\1.6.0.Final\arquillian-testenricher-initialcontext-1.6.0.Final.jar;C:\Users\Daniel\.m2\repository\org\jboss\arquillian\testenricher\arquillian-testenricher-resource\1.6.0.Final\arquillian-testenricher-resource-1.6.0.Final.jar;C:\Users\Daniel\.m2\repository\org\jboss\arquillian\protocol\arquillian-protocol-servlet\1.6.0.Final\arquillian-protocol-servlet-1.6.0.Final.jar;C:\Users\Daniel\.m2\repository\org\wildfly\arquillian\wildfly-arquillian-testenricher-msc\2.1.1.Final\wildfly-arquillian-testenricher-msc-2.1.1.Final.jar;C:\Users\Daniel\.m2\repository\org\wildfly\core\wildfly-server\3.0.0.Final\wildfly-server-3.0.0.Final.jar;C:\Users\Daniel\.m2\repository\org\wildfly\core\wildfly-controller\3.0.0.Final\wildfly-controller-3.0.0.Final.jar;C:\Users\Daniel\.m2\repository\org\jboss\staxmapper\1.3.0.Final\staxmapper-1.3.0.Final.jar;C:\Users\Daniel\.m2\repository\org\projectodd\vdx\vdx-wildfly\1.1.6\vdx-wildfly-1.1.6.jar;C:\Users\Daniel\.m2\repository\org\projectodd\vdx\vdx-core\1.1.6\vdx-core-1.1.6.jar;C:\Users\Daniel\.m2\repository\org\wildfly\core\wildfly-core-management-client\3.0.0.Final\wildfly-core-management-client-3.0.0.Final.jar;C:\Users\Daniel\.m2\repository\org\wildfly\core\wildfly-domain-http-interface\3.0.0.Final\wildfly-domain-http-interface-3.0.0.Final.jar;C:\Users\Daniel\.m2\repository\org\wildfly\security\elytron-web\undertow-server\1.0.0.Final\undertow-server-1.0.0.Final.jar;C:\Users\Daniel\.m2\repository\org\wildfly\core\wildfly-deployment-repository\3.0.0.Final\wildfly-deployment-repository-3.0.0.Final.jar;C:\Users\Daniel\.m2\repository\org\wildfly\core\wildfly-platform-mbean\3.0.0.Final\wildfly-platform-mbean-3.0.0.Final.jar;C:\Users\Daniel\.m2\repository\org\wildfly\core\wildfly-process-controller\3.0.0.Final\wildfly-process-controller-3.0.0.Final.jar;C:\Users\Daniel\.m2\repository\org\wildfly\core\wildfly-network\3.0.0.Final\wildfly-network-3.0.0.Final.jar;C:\Users\Daniel\.m2\repository\org\wildfly\core\wildfly-version\3.0.0.Final\wildfly-version-3.0.0.Final.jar;C:\Users\Daniel\.m2\repository\org\jboss\jandex\2.0.3.Final\jandex-2.0.3.Final.jar;C:\Users\Daniel\.m2\repository\org\jboss\invocation\jboss-invocation\1.5.0.Final\jboss-invocation-1.5.0.Final.jar;C:\Users\Daniel\.m2\repository\org\jboss\logmanager\jboss-logmanager\2.0.7.Final\jboss-logmanager-2.0.7.Final.jar;C:\Users\Daniel\.m2\repository\org\jboss\modules\jboss-modules\1.6.0.Final\jboss-modules-1.6.0.Final.jar;C:\Users\Daniel\.m2\repository\org\jboss\stdio\jboss-stdio\1.0.2.GA\jboss-stdio-1.0.2.GA.jar;C:\Users\Daniel\.m2\repository\org\jboss\jboss-vfs\3.2.12.Final\jboss-vfs-3.2.12.Final.jar;C:\Users\Daniel\.m2\repository\io\undertow\undertow-core\1.4.18.Final\undertow-core-1.4.18.Final.jar;C:\Users\Daniel\.m2\repository\org\wildfly\core\wildfly-controller-client\3.0.0.Final\wildfly-controller-client-3.0.0.Final.jar;C:\Users\Daniel\.m2\repository\org\wildfly\core\wildfly-protocol\3.0.0.Final\wildfly-protocol-3.0.0.Final.jar;C:\Users\Daniel\.m2\repository\org\jboss\jboss-dmr\1.4.1.Final\jboss-dmr-1.4.1.Final.jar;C:\Users\Daniel\.m2\repository\org\jboss\threads\jboss-threads\2.2.1.Final\jboss-threads-2.2.1.Final.jar;C:\Users\Daniel\.m2\repository\org\wildfly\plugins\wildfly-plugin-core\1.2.0.Final\wildfly-plugin-core-1.2.0.Final.jar;C:\Users\Daniel\.m2\repository\org\jboss\shrinkwrap\descriptors\shrinkwrap-descriptors-impl-base\2.0.0\shrinkwrap-descriptors-impl-base-2.0.0.jar;C:\Users\Daniel\.m2\repository\org\wildfly\common\wildfly-common\1.2.0.Final\wildfly-common-1.2.0.Final.jar;C:\Users\Daniel\.m2\repository\org\wildfly\arquillian\wildfly-arquillian-protocol-jmx\2.1.1.Final\wildfly-arquillian-protocol-jmx-2.1.1.Final.jar;C:\Users\Daniel\.m2\repository\org\wildfly\security\wildfly-elytron\1.1.0.Final\wildfly-elytron-1.1.0.Final.jar;C:\Users\Daniel\.m2\repository\org\jboss\arquillian\protocol\arquillian-protocol-jmx\1.6.0.Final\arquillian-protocol-jmx-1.6.0.Final.jar;C:\Users\Daniel\.m2\repository\org\wildfly\core\wildfly-jmx\3.0.0.Final\wildfly-jmx-3.0.0.Final.jar;C:\Users\Daniel\.m2\repository\org\jboss\msc\jboss-msc\1.2.7.SP1\jboss-msc-1.2.7.SP1.jar;C:\Users\Daniel\.m2\repository\org\wildfly\core\wildfly-remoting\3.0.0.Final\wildfly-remoting-3.0.0.Final.jar;C:\Users\Daniel\.m2\repository\org\wildfly\core\wildfly-domain-management\3.0.0.Final\wildfly-domain-management-3.0.0.Final.jar;C:\Users\Daniel\.m2\repository\org\picketbox\picketbox\5.0.2.Final\picketbox-5.0.2.Final.jar;C:\Users\Daniel\.m2\repository\org\wildfly\openssl\wildfly-openssl-java\1.0.2.Final\wildfly-openssl-java-1.0.2.Final.jar;C:\Users\Daniel\.m2\repository\org\wildfly\core\wildfly-core-security\3.0.0.Final\wildfly-core-security-3.0.0.Final.jar;C:\Users\Daniel\.m2\repository\org\wildfly\core\wildfly-core-security-api\3.0.0.Final\wildfly-core-security-api-3.0.0.Final.jar;C:\Users\Daniel\.m2\repository\org\wildfly\core\wildfly-io\3.0.0.Final\wildfly-io-3.0.0.Final.jar;C:\Users\Daniel\.m2\repository\org\jboss\xnio\xnio-api\3.5.1.Final\xnio-api-3.5.1.Final.jar;C:\Users\Daniel\.m2\repository\org\wildfly\client\wildfly-client-config\1.0.0.Final\wildfly-client-config-1.0.0.Final.jar;C:\Users\Daniel\.m2\repository\org\jboss\xnio\xnio-nio\3.5.1.Final\xnio-nio-3.5.1.Final.jar;C:\Users\Daniel\.m2\repository\org\jboss\logging\jboss-logging\3.3.1.Final\jboss-logging-3.3.1.Final.jar;C:\Users\Daniel\.m2\repository\org\jboss\marshalling\jboss-marshalling\2.0.0.Final\jboss-marshalling-2.0.0.Final.jar;C:\Users\Daniel\.m2\repository\org\jboss\marshalling\jboss-marshalling-river\2.0.0.Final\jboss-marshalling-river-2.0.0.Final.jar;C:\Users\Daniel\.m2\repository\org\jboss\remoting\jboss-remoting\5.0.0.Final\jboss-remoting-5.0.0.Final.jar;C:\Users\Daniel\.m2\repository\org\jboss\remotingjmx\remoting-jmx\3.0.0.Final\remoting-jmx-3.0.0.Final.jar;C:\Users\Daniel\.m2\repository\javax\inject\javax.inject\1\javax.inject-1.jar;C:\Users\Daniel\.m2\repository\org\wildfly\core\wildfly-launcher\3.0.0.Final\wildfly-launcher-3.0.0.Final.jar;C:\Users\Daniel\.m2\repository\org\jboss\arquillian\core\arquillian-core-api\1.6.0.Final\arquillian-core-api-1.6.0.Final.jar;"/>
    <property name="sun.cpu.endian" value="little"/>
    <property name="user.home" value="C:\Users\Daniel"/>
    <property name="user.language" value="pt"/>
    <property name="java.specification.vendor" value="Oracle Corporation"/>
    <property name="java.version.date" value="2020-04-14"/>
    <property name="java.home" value="D:\dev\java\openjdk\jdk-14.0.1"/>
    <property name="file.separator" value="\"/>
    <property name="basedir" value="D:\repositorios\loja"/>
    <property name="java.vm.compressedOopsMode" value="Zero based"/>
    <property name="line.separator" value="&#10;"/>
    <property name="java.vm.specification.vendor" value="Oracle Corporation"/>
    <property name="java.specification.name" value="Java Platform API Specification"/>
    <property name="surefire.real.class.path" value="C:\Users\Daniel\AppData\Local\Temp\surefire9849931399672475901\surefirebooter9306004854180994486.jar"/>
    <property name="user.script" value=""/>
    <property name="sun.management.compiler" value="HotSpot 64-Bit Tiered Compilers"/>
    <property name="java.runtime.version" value="14.0.1+7"/>
    <property name="user.name" value="Daniel"/>
    <property name="path.separator" value=";"/>
    <property name="os.version" value="10.0"/>
    <property name="java.runtime.name" value="OpenJDK Runtime Environment"/>
    <property name="file.encoding" value="Cp1252"/>
    <property name="java.vm.name" value="OpenJDK 64-Bit Server VM"/>
    <property name="localRepository" value="C:\Users\Daniel\.m2\repository"/>
    <property name="java.vendor.url.bug" value="https://bugreport.java.com/bugreport/"/>
    <property name="java.io.tmpdir" value="C:\Users\Daniel\AppData\Local\Temp\"/>
    <property name="java.version" value="14.0.1"/>
    <property name="user.dir" value="D:\repositorios\loja"/>
    <property name="os.arch" value="amd64"/>
    <property name="java.vm.specification.name" value="Java Virtual Machine Specification"/>
    <property name="sun.os.patch.level" value=""/>
    <property name="java.library.path" value="D:\dev\java\openjdk\jdk-14.0.1\bin;C:\Windows\Sun\Java\bin;C:\Windows\system32;C:\Windows;D:/dev/java/openjdk/jdk-14.0.1/bin/server;D:/dev/java/openjdk/jdk-14.0.1/bin;C:\Program Files (x86)\Intel\Intel(R) Management Engine Components\iCLS\;C:\Program Files\Intel\Intel(R) Management Engine Components\iCLS\;C:\Windows\system32;C:\Windows;C:\Windows\System32\Wbem;C:\Windows\System32\WindowsPowerShell\v1.0\;C:\Windows\System32\OpenSSH\;D:\dev\java\openjdk\jdk-14.0.1\bin;C:\Program Files (x86)\Intel\Intel(R) Management Engine Components\DAL;C:\Program Files\Intel\Intel(R) Management Engine Components\DAL;C:\Program Files (x86)\Intel\Intel(R) Management Engine Components\IPT;C:\Program Files\Intel\Intel(R) Management Engine Components\IPT;C:\Program Files\Git\cmd;C:\Program Files (x86)\Microsoft SQL Server\140\Tools\Binn\;C:\Program Files\Microsoft SQL Server\140\Tools\Binn\;C:\Program Files (x86)\Microsoft SQL Server\140\DTS\Binn\;C:\Program Files\Microsoft SQL Server\140\DTS\Binn\;C:\Program Files\Microsoft SQL Server\Client SDK\ODBC\130\Tools\Binn\;C:\Program Files (x86)\Microsoft SQL Server\Client SDK\ODBC\130\Tools\Binn\;C:\Program Files (x86)\Microsoft SQL Server\140\Tools\Binn\ManagementStudio\;C:\Users\Daniel\AppData\Local\Microsoft\WindowsApps;;D:\dev\eclipse\eclipse-jee-2020-03-R;;."/>
    <property name="java.vm.info" value="mixed mode, sharing"/>
    <property name="java.vendor" value="Oracle Corporation"/>
    <property name="java.vm.version" value="14.0.1+7"/>
    <property name="sun.io.unicode.encoding" value="UnicodeLittle"/>
    <property name="java.class.version" value="58.0"/>
  </properties>
  <testcase name="testRegister" classname="br.com.loja.test.MemberRegistrationTest" time="0.287"/>
</testsuite>